# JRE version: OpenJDK Runtime Environment (8.0_242-b01) (build 1.8.0_242-release-1644-b01)
# Java VM: OpenJDK 64-Bit Server VM (25.242-b01 mixed mode windows-amd64 compressed oops)
Heap:
 PSYoungGen      total 176640K, used 47845K [0x00000000d5580000, 0x00000000e1900000, 0x0000000100000000)
  eden space 165376K, 22% used [0x00000000d5580000,0x00000000d793f4a8,0x00000000df700000)
  from space 11264K, 99% used [0x00000000e0780000,0x00000000e127a1b0,0x00000000e1280000)
  to   space 16896K, 0% used [0x00000000df700000,0x00000000df700000,0x00000000e0780000)
 ParOldGen       total 47616K, used 24550K [0x0000000080000000, 0x0000000082e80000, 0x00000000d5580000)
  object space 47616K, 51% used [0x0000000080000000,0x00000000817f9880,0x0000000082e80000)
 Metaspace       used 53579K, capacity 55674K, committed 55848K, reserved 1097728K
  class space    used 7237K, capacity 7669K, committed 7728K, reserved 1048576K
GC Heap History (10 events):
Event: 12.911 GC heap before
{Heap before GC invocations=12 (full 1):
 PSYoungGen      total 95232K, used 95211K [0x00000000d5580000, 0x00000000dc600000, 0x0000000100000000)
  eden space 88064K, 100% used [0x00000000d5580000,0x00000000dab80000,0x00000000dab80000)
  from space 7168K, 99% used [0x00000000dbf00000,0x00000000dc5fae48,0x00000000dc600000)
  to   space 8192K, 0% used [0x00000000db600000,0x00000000db600000,0x00000000dbe00000)
 ParOldGen       total 32768K, used 10341K [0x0000000080000000, 0x0000000082000000, 0x00000000d5580000)
  object space 32768K, 31% used [0x0000000080000000,0x0000000080a19618,0x0000000082000000)
 Metaspace       used 34029K, capacity 35188K, committed 35496K, reserved 1079296K
  class space    used 4677K, capacity 4969K, committed 5040K, reserved 1048576K
Event: 12.981 GC heap after
Heap after GC invocations=12 (full 1):
 PSYoungGen      total 107008K, used 7720K [0x00000000d5580000, 0x00000000de680000, 0x0000000100000000)
  eden space 98816K, 0% used [0x00000000d5580000,0x00000000d5580000,0x00000000db600000)
  from space 8192K, 94% used [0x00000000db600000,0x00000000dbd8a350,0x00000000dbe00000)
  to   space 9216K, 0% used [0x00000000ddd80000,0x00000000ddd80000,0x00000000de680000)
 ParOldGen       total 32768K, used 13443K [0x0000000080000000, 0x0000000082000000, 0x00000000d5580000)
  object space 32768K, 41% used [0x0000000080000000,0x0000000080d20c08,0x0000000082000000)
 Metaspace       used 34029K, capacity 35188K, committed 35496K, reserved 1079296K
  class space    used 4677K, capacity 4969K, committed 5040K, reserved 1048576K
}
Event: 13.060 GC heap before
{Heap before GC invocations=13 (full 1):
 PSYoungGen      total 107008K, used 14873K [0x00000000d5580000, 0x00000000de680000, 0x0000000100000000)
  eden space 98816K, 7% used [0x00000000d5580000,0x00000000d5c7c258,0x00000000db600000)
  from space 8192K, 94% used [0x00000000db600000,0x00000000dbd8a350,0x00000000dbe00000)
  to   space 9216K, 0% used [0x00000000ddd80000,0x00000000ddd80000,0x00000000de680000)
 ParOldGen       total 32768K, used 13443K [0x0000000080000000, 0x0000000082000000, 0x00000000d5580000)
  object space 32768K, 41% used [0x0000000080000000,0x0000000080d20c08,0x0000000082000000)
 Metaspace       used 34298K, capacity 35414K, committed 35496K, reserved 1079296K
  class space    used 4720K, capacity 5002K, committed 5040K, reserved 1048576K
Event: 13.132 GC heap after
Heap after GC invocations=13 (full 1):
 PSYoungGen      total 138752K, used 444K [0x00000000d5580000, 0x00000000e0080000, 0x0000000100000000)
  eden space 129536K, 0% used [0x00000000d5580000,0x00000000d5580000,0x00000000dd400000)
  from space 9216K, 4% used [0x00000000ddd80000,0x00000000dddef370,0x00000000de680000)
  to   space 9728K, 0% used [0x00000000dd400000,0x00000000dd400000,0x00000000ddd80000)
 ParOldGen       total 32768K, used 16998K [0x0000000080000000, 0x0000000082000000, 0x00000000d5580000)
  object space 32768K, 51% used [0x0000000080000000,0x0000000081099b18,0x0000000082000000)
 Metaspace       used 34298K, capacity 35414K, committed 35496K, reserved 1079296K
  class space    used 4720K, capacity 5002K, committed 5040K, reserved 1048576K
}
Event: 13.132 GC heap before
{Heap before GC invocations=14 (full 2):
 PSYoungGen      total 138752K, used 444K [0x00000000d5580000, 0x00000000e0080000, 0x0000000100000000)
  eden space 129536K, 0% used [0x00000000d5580000,0x00000000d5580000,0x00000000dd400000)
  from space 9216K, 4% used [0x00000000ddd80000,0x00000000dddef370,0x00000000de680000)
  to   space 9728K, 0% used [0x00000000dd400000,0x00000000dd400000,0x00000000ddd80000)
 ParOldGen       total 32768K, used 16998K [0x0000000080000000, 0x0000000082000000, 0x00000000d5580000)
  object space 32768K, 51% used [0x0000000080000000,0x0000000081099b18,0x0000000082000000)
 Metaspace       used 34298K, capacity 35414K, committed 35496K, reserved 1079296K
  class space    used 4720K, capacity 5002K, committed 5040K, reserved 1048576K
Event: 13.800 GC heap after
Heap after GC invocations=14 (full 2):
 PSYoungGen      total 138752K, used 0K [0x00000000d5580000, 0x00000000e0080000, 0x0000000100000000)
  eden space 129536K, 0% used [0x00000000d5580000,0x00000000d5580000,0x00000000dd400000)
  from space 9216K, 0% used [0x00000000ddd80000,0x00000000ddd80000,0x00000000de680000)
  to   space 9728K, 0% used [0x00000000dd400000,0x00000000dd400000,0x00000000ddd80000)
 ParOldGen       total 47616K, used 13511K [0x0000000080000000, 0x0000000082e80000, 0x00000000d5580000)
  object space 47616K, 28% used [0x0000000080000000,0x0000000080d31e70,0x0000000082e80000)
 Metaspace       used 34298K, capacity 35414K, committed 35496K, reserved 1079296K
  class space    used 4720K, capacity 5002K, committed 5040K, reserved 1048576K
}
Event: 17.235 GC heap before
{Heap before GC invocations=15 (full 2):
 PSYoungGen      total 138752K, used 129536K [0x00000000d5580000, 0x00000000e0080000, 0x0000000100000000)
  eden space 129536K, 100% used [0x00000000d5580000,0x00000000dd400000,0x00000000dd400000)
  from space 9216K, 0% used [0x00000000ddd80000,0x00000000ddd80000,0x00000000de680000)
  to   space 9728K, 0% used [0x00000000dd400000,0x00000000dd400000,0x00000000ddd80000)
 ParOldGen       total 47616K, used 13511K [0x0000000080000000, 0x0000000082e80000, 0x00000000d5580000)
  object space 47616K, 28% used [0x0000000080000000,0x0000000080d31e70,0x0000000082e80000)
 Metaspace       used 38885K, capacity 40572K, committed 40872K, reserved 1085440K
  class space    used 5359K, capacity 5721K, committed 5808K, reserved 1048576K
Event: 17.271 GC heap after
Heap after GC invocations=15 (full 2):
 PSYoungGen      total 139264K, used 9696K [0x00000000d5580000, 0x00000000e1280000, 0x0000000100000000)
  eden space 129536K, 0% used [0x00000000d5580000,0x00000000d5580000,0x00000000dd400000)
  from space 9728K, 99% used [0x00000000dd400000,0x00000000ddd78038,0x00000000ddd80000)
  to   space 11264K, 0% used [0x00000000e0780000,0x00000000e0780000,0x00000000e1280000)
 ParOldGen       total 47616K, used 13818K [0x0000000080000000, 0x0000000082e80000, 0x00000000d5580000)
  object space 47616K, 29% used [0x0000000080000000,0x0000000080d7e8e0,0x0000000082e80000)
 Metaspace       used 38885K, capacity 40572K, committed 40872K, reserved 1085440K
  class space    used 5359K, capacity 5721K, committed 5808K, reserved 1048576K
}
Event: 19.953 GC heap before
{Heap before GC invocations=16 (full 2):
 PSYoungGen      total 139264K, used 139232K [0x00000000d5580000, 0x00000000e1280000, 0x0000000100000000)
  eden space 129536K, 100% used [0x00000000d5580000,0x00000000dd400000,0x00000000dd400000)
  from space 9728K, 99% used [0x00000000dd400000,0x00000000ddd78038,0x00000000ddd80000)
  to   space 11264K, 0% used [0x00000000e0780000,0x00000000e0780000,0x00000000e1280000)
 ParOldGen       total 47616K, used 13818K [0x0000000080000000, 0x0000000082e80000, 0x00000000d5580000)
  object space 47616K, 29% used [0x0000000080000000,0x0000000080d7e8e0,0x0000000082e80000)
 Metaspace       used 50886K, capacity 52810K, committed 53032K, reserved 1095680K
  class space    used 6798K, capacity 7199K, committed 7216K, reserved 1048576K
Event: 19.990 GC heap after
Heap after GC invocations=16 (full 2):
 PSYoungGen      total 176640K, used 11240K [0x00000000d5580000, 0x00000000e1900000, 0x0000000100000000)
  eden space 165376K, 0% used [0x00000000d5580000,0x00000000d5580000,0x00000000df700000)
  from space 11264K, 99% used [0x00000000e0780000,0x00000000e127a1b0,0x00000000e1280000)
  to   space 16896K, 0% used [0x00000000df700000,0x00000000df700000,0x00000000e0780000)
 ParOldGen       total 47616K, used 24550K [0x0000000080000000, 0x0000000082e80000, 0x00000000d5580000)
  object space 47616K, 51% used [0x0000000080000000,0x00000000817f9880,0x0000000082e80000)
 Metaspace       used 50886K, capacity 52810K, committed 53032K, reserved 1095680K
  class space    used 6798K, capacity 7199K, committed 7216K, reserved 1048576K
}

