# JRE version: OpenJDK Runtime Environment (8.0_242-b01) (build 1.8.0_242-release-1644-b01)
# Java VM: OpenJDK 64-Bit Server VM (25.242-b01 mixed mode windows-amd64 compressed oops)
Heap:
 PSYoungGen      total 326144K, used 57756K [0x00000000d5580000, 0x00000000ee100000, 0x0000000100000000)
  eden space 287744K, 14% used [0x00000000d5580000,0x00000000d7d11c40,0x00000000e6e80000)
  from space 38400K, 44% used [0x00000000e6e80000,0x00000000e7f554f0,0x00000000e9400000)
  to   space 37376K, 0% used [0x00000000ebc80000,0x00000000ebc80000,0x00000000ee100000)
 ParOldGen       total 168448K, used 67679K [0x0000000080000000, 0x000000008a480000, 0x00000000d5580000)
  object space 168448K, 40% used [0x0000000080000000,0x0000000084217e90,0x000000008a480000)
 Metaspace       used 101898K, capacity 107210K, committed 107480K, reserved 1142784K
  class space    used 13425K, capacity 14474K, committed 14592K, reserved 1048576K
GC Heap History (10 events):
Event: 232.563 GC heap before
{Heap before GC invocations=27 (full 4):
 PSYoungGen      total 256512K, used 235222K [0x00000000d5580000, 0x00000000e7980000, 0x0000000100000000)
  eden space 214528K, 100% used [0x00000000d5580000,0x00000000e2700000,0x00000000e2700000)
  from space 41984K, 49% used [0x00000000e4e80000,0x00000000e62b5b38,0x00000000e7780000)
  to   space 40448K, 0% used [0x00000000e2700000,0x00000000e2700000,0x00000000e4e80000)
 ParOldGen       total 168448K, used 67671K [0x0000000080000000, 0x000000008a480000, 0x00000000d5580000)
  object space 168448K, 40% used [0x0000000080000000,0x0000000084215e90,0x000000008a480000)
 Metaspace       used 101518K, capacity 106890K, committed 107224K, reserved 1142784K
  class space    used 13412K, capacity 14466K, committed 14592K, reserved 1048576K
Event: 232.615 GC heap after
Heap after GC invocations=27 (full 4):
 PSYoungGen      total 254976K, used 20757K [0x00000000d5580000, 0x00000000e9580000, 0x0000000100000000)
  eden space 214528K, 0% used [0x00000000d5580000,0x00000000d5580000,0x00000000e2700000)
  from space 40448K, 51% used [0x00000000e2700000,0x00000000e3b45440,0x00000000e4e80000)
  to   space 38912K, 0% used [0x00000000e6f80000,0x00000000e6f80000,0x00000000e9580000)
 ParOldGen       total 168448K, used 67679K [0x0000000080000000, 0x000000008a480000, 0x00000000d5580000)
  object space 168448K, 40% used [0x0000000080000000,0x0000000084217e90,0x000000008a480000)
 Metaspace       used 101518K, capacity 106890K, committed 107224K, reserved 1142784K
  class space    used 13412K, capacity 14466K, committed 14592K, reserved 1048576K
}
Event: 233.715 GC heap before
{Heap before GC invocations=28 (full 4):
 PSYoungGen      total 254976K, used 235285K [0x00000000d5580000, 0x00000000e9580000, 0x0000000100000000)
  eden space 214528K, 100% used [0x00000000d5580000,0x00000000e2700000,0x00000000e2700000)
  from space 40448K, 51% used [0x00000000e2700000,0x00000000e3b45440,0x00000000e4e80000)
  to   space 38912K, 0% used [0x00000000e6f80000,0x00000000e6f80000,0x00000000e9580000)
 ParOldGen       total 168448K, used 67679K [0x0000000080000000, 0x000000008a480000, 0x00000000d5580000)
  object space 168448K, 40% used [0x0000000080000000,0x0000000084217e90,0x000000008a480000)
 Metaspace       used 101577K, capacity 106912K, committed 107224K, reserved 1142784K
  class space    used 13415K, capacity 14469K, committed 14592K, reserved 1048576K
Event: 233.764 GC heap after
Heap after GC invocations=28 (full 4):
 PSYoungGen      total 289792K, used 21221K [0x00000000d5580000, 0x00000000e9600000, 0x0000000100000000)
  eden space 250880K, 0% used [0x00000000d5580000,0x00000000d5580000,0x00000000e4a80000)
  from space 38912K, 54% used [0x00000000e6f80000,0x00000000e84394c0,0x00000000e9580000)
  to   space 37888K, 0% used [0x00000000e4a80000,0x00000000e4a80000,0x00000000e6f80000)
 ParOldGen       total 168448K, used 67679K [0x0000000080000000, 0x000000008a480000, 0x00000000d5580000)
  object space 168448K, 40% used [0x0000000080000000,0x0000000084217e90,0x000000008a480000)
 Metaspace       used 101577K, capacity 106912K, committed 107224K, reserved 1142784K
  class space    used 13415K, capacity 14469K, committed 14592K, reserved 1048576K
}
Event: 235.031 GC heap before
{Heap before GC invocations=29 (full 4):
 PSYoungGen      total 289792K, used 272101K [0x00000000d5580000, 0x00000000e9600000, 0x0000000100000000)
  eden space 250880K, 100% used [0x00000000d5580000,0x00000000e4a80000,0x00000000e4a80000)
  from space 38912K, 54% used [0x00000000e6f80000,0x00000000e84394c0,0x00000000e9580000)
  to   space 37888K, 0% used [0x00000000e4a80000,0x00000000e4a80000,0x00000000e6f80000)
 ParOldGen       total 168448K, used 67679K [0x0000000080000000, 0x000000008a480000, 0x00000000d5580000)
  object space 168448K, 40% used [0x0000000080000000,0x0000000084217e90,0x000000008a480000)
 Metaspace       used 101676K, capacity 107064K, committed 107224K, reserved 1142784K
  class space    used 13422K, capacity 14471K, committed 14592K, reserved 1048576K
Event: 235.112 GC heap after
Heap after GC invocations=29 (full 4):
 PSYoungGen      total 288768K, used 24328K [0x00000000d5580000, 0x00000000eb900000, 0x0000000100000000)
  eden space 250880K, 0% used [0x00000000d5580000,0x00000000d5580000,0x00000000e4a80000)
  from space 37888K, 64% used [0x00000000e4a80000,0x00000000e6242160,0x00000000e6f80000)
  to   space 37888K, 0% used [0x00000000e9400000,0x00000000e9400000,0x00000000eb900000)
 ParOldGen       total 168448K, used 67679K [0x0000000080000000, 0x000000008a480000, 0x00000000d5580000)
  object space 168448K, 40% used [0x0000000080000000,0x0000000084217e90,0x000000008a480000)
 Metaspace       used 101676K, capacity 107064K, committed 107224K, reserved 1142784K
  class space    used 13422K, capacity 14471K, committed 14592K, reserved 1048576K
}
Event: 236.361 GC heap before
{Heap before GC invocations=30 (full 4):
 PSYoungGen      total 288768K, used 275208K [0x00000000d5580000, 0x00000000eb900000, 0x0000000100000000)
  eden space 250880K, 100% used [0x00000000d5580000,0x00000000e4a80000,0x00000000e4a80000)
  from space 37888K, 64% used [0x00000000e4a80000,0x00000000e6242160,0x00000000e6f80000)
  to   space 37888K, 0% used [0x00000000e9400000,0x00000000e9400000,0x00000000eb900000)
 ParOldGen       total 168448K, used 67679K [0x0000000080000000, 0x000000008a480000, 0x00000000d5580000)
  object space 168448K, 40% used [0x0000000080000000,0x0000000084217e90,0x000000008a480000)
 Metaspace       used 101771K, capacity 107134K, committed 107480K, reserved 1142784K
  class space    used 13423K, capacity 14472K, committed 14592K, reserved 1048576K
Event: 236.445 GC heap after
Heap after GC invocations=30 (full 4):
 PSYoungGen      total 325632K, used 27390K [0x00000000d5580000, 0x00000000ebc80000, 0x0000000100000000)
  eden space 287744K, 0% used [0x00000000d5580000,0x00000000d5580000,0x00000000e6e80000)
  from space 37888K, 72% used [0x00000000e9400000,0x00000000eaebf830,0x00000000eb900000)
  to   space 38400K, 0% used [0x00000000e6e80000,0x00000000e6e80000,0x00000000e9400000)
 ParOldGen       total 168448K, used 67679K [0x0000000080000000, 0x000000008a480000, 0x00000000d5580000)
  object space 168448K, 40% used [0x0000000080000000,0x0000000084217e90,0x000000008a480000)
 Metaspace       used 101771K, capacity 107134K, committed 107480K, reserved 1142784K
  class space    used 13423K, capacity 14472K, committed 14592K, reserved 1048576K
}
Event: 237.912 GC heap before
{Heap before GC invocations=31 (full 4):
 PSYoungGen      total 325632K, used 315134K [0x00000000d5580000, 0x00000000ebc80000, 0x0000000100000000)
  eden space 287744K, 100% used [0x00000000d5580000,0x00000000e6e80000,0x00000000e6e80000)
  from space 37888K, 72% used [0x00000000e9400000,0x00000000eaebf830,0x00000000eb900000)
  to   space 38400K, 0% used [0x00000000e6e80000,0x00000000e6e80000,0x00000000e9400000)
 ParOldGen       total 168448K, used 67679K [0x0000000080000000, 0x000000008a480000, 0x00000000d5580000)
  object space 168448K, 40% used [0x0000000080000000,0x0000000084217e90,0x000000008a480000)
 Metaspace       used 101896K, capacity 107210K, committed 107480K, reserved 1142784K
  class space    used 13425K, capacity 14474K, committed 14592K, reserved 1048576K
Event: 237.941 GC heap after
Heap after GC invocations=31 (full 4):
 PSYoungGen      total 326144K, used 17237K [0x00000000d5580000, 0x00000000ee100000, 0x0000000100000000)
  eden space 287744K, 0% used [0x00000000d5580000,0x00000000d5580000,0x00000000e6e80000)
  from space 38400K, 44% used [0x00000000e6e80000,0x00000000e7f554f0,0x00000000e9400000)
  to   space 37376K, 0% used [0x00000000ebc80000,0x00000000ebc80000,0x00000000ee100000)
 ParOldGen       total 168448K, used 67679K [0x0000000080000000, 0x000000008a480000, 0x00000000d5580000)
  object space 168448K, 40% used [0x0000000080000000,0x0000000084217e90,0x000000008a480000)
 Metaspace       used 101896K, capacity 107210K, committed 107480K, reserved 1142784K
  class space    used 13425K, capacity 14474K, committed 14592K, reserved 1048576K
}

